Release 14.2 Map P.28xd (nt64)
Xilinx Mapping Report File for Design 'TopModule'

Design Information
------------------
Command Line   : map -intstyle ise -p xc7a100t-csg324-2L -w -logic_opt off -ol
high -t 1 -xt 0 -register_duplication off -r 4 -mt off -ir off -pr off -lc off
-power off -o TopModule_map.ncd TopModule.ngd TopModule.pcf 
Target Device  : xc7a100t
Target Package : csg324
Target Speed   : -2l
Mapper Version : artix7 -- $Revision: 1.55 $
Mapped Date    : Thu Apr 16 22:06:31 2015

Design Summary
--------------
Number of errors:      0
Number of warnings:    1
Slice Logic Utilization:
  Number of Slice Registers:                   515 out of 126,800    1%
    Number used as Flip Flops:                 515
    Number used as Latches:                      0
    Number used as Latch-thrus:                  0
    Number used as AND/OR logics:                0
  Number of Slice LUTs:                      5,128 out of  63,400    8%
    Number used as logic:                    5,107 out of  63,400    8%
      Number using O6 output only:           4,628
      Number using O5 output only:              76
      Number using O5 and O6:                  403
      Number used as ROM:                        0
    Number used as Memory:                      11 out of  19,000    1%
      Number used as Dual Port RAM:              0
      Number used as Single Port RAM:            0
      Number used as Shift Register:            11
        Number using O6 output only:            11
        Number using O5 output only:             0
        Number using O5 and O6:                  0
    Number used exclusively as route-thrus:     10
      Number with same-slice register load:      5
      Number with same-slice carry load:         5
      Number with other load:                    0

Slice Logic Distribution:
  Number of occupied Slices:                 1,658 out of  15,850   10%
  Number of LUT Flip Flop pairs used:        5,139
    Number with an unused Flip Flop:         4,638 out of   5,139   90%
    Number with an unused LUT:                  11 out of   5,139    1%
    Number of fully used LUT-FF pairs:         490 out of   5,139    9%
    Number of unique control sets:              31
    Number of slice register sites lost
      to control set restrictions:             154 out of 126,800    1%

  A LUT Flip Flop pair for this architecture represents one LUT paired with
  one Flip Flop within a slice.  A control set is a unique combination of
  clock, reset, set, and enable signals for a registered element.
  The Slice Logic Distribution report is not meaningful if the design is
  over-mapped for a non-slice resource or if Placement fails.
  OVERMAPPING of BRAM resources should be ignored if the design is
  over-mapped for a non-BRAM resource or if placement fails.

IO Utilization:
  Number of bonded IOBs:                        18 out of     210    8%
    Number of LOCed IOBs:                       18 out of      18  100%

Specific Feature Utilization:
  Number of RAMB36E1/FIFO36E1s:                  0 out of     135    0%
  Number of RAMB18E1/FIFO18E1s:                  1 out of     270    1%
    Number using RAMB18E1 only:                  1
    Number using FIFO18E1 only:                  0
  Number of BUFG/BUFGCTRLs:                      6 out of      32   18%
    Number used as BUFGs:                        6
    Number used as BUFGCTRLs:                    0
  Number of IDELAYE2/IDELAYE2_FINEDELAYs:        0 out of     300    0%
  Number of ILOGICE2/ILOGICE3/ISERDESE2s:        0 out of     300    0%
  Number of ODELAYE2/ODELAYE2_FINEDELAYs:        0
  Number of OLOGICE2/OLOGICE3/OSERDESE2s:        0 out of     300    0%
  Number of PHASER_IN/PHASER_IN_PHYs:            0 out of      24    0%
  Number of PHASER_OUT/PHASER_OUT_PHYs:          0 out of      24    0%
  Number of BSCANs:                              0 out of       4    0%
  Number of BUFHCEs:                             0 out of      96    0%
  Number of BUFRs:                               0 out of      24    0%
  Number of CAPTUREs:                            0 out of       1    0%
  Number of DNA_PORTs:                           0 out of       1    0%
  Number of DSP48E1s:                            0 out of     240    0%
  Number of EFUSE_USRs:                          0 out of       1    0%
  Number of FRAME_ECCs:                          0 out of       1    0%
  Number of ICAPs:                               0 out of       2    0%
  Number of IDELAYCTRLs:                         0 out of       6    0%
  Number of IN_FIFOs:                            0 out of      24    0%
  Number of MMCME2_ADVs:                         1 out of       6   16%
  Number of OUT_FIFOs:                           0 out of      24    0%
  Number of PCIE_2_1s:                           0 out of       1    0%
  Number of PHASER_REFs:                         0 out of       6    0%
  Number of PHY_CONTROLs:                        0 out of       6    0%
  Number of PLLE2_ADVs:                          0 out of       6    0%
  Number of STARTUPs:                            0 out of       1    0%
  Number of XADCs:                               0 out of       1    0%

Average Fanout of Non-Clock Nets:                5.50

Peak Memory Usage:  873 MB
Total REAL time to MAP completion:  1 mins 30 secs 
Total CPU time to MAP completion:   1 mins 24 secs 

Table of Contents
-----------------
Section 1 - Errors
Section 2 - Warnings
Section 3 - Informational
Section 4 - Removed Logic Summary
Section 5 - Removed Logic
Section 6 - IOB Properties
Section 7 - RPMs
Section 8 - Guide Report
Section 9 - Area Group and Partition Summary
Section 10 - Timing Report
Section 11 - Configuration String Information
Section 12 - Control Set Information
Section 13 - Utilization by Hierarchy

Section 1 - Errors
------------------

Section 2 - Warnings
--------------------
WARNING:Security:43 - No license file was found in the standard Xilinx license
directory.
WARNING:Security:44 - Since no license file was found,
WARNING:Security:42 - Your software subscription period has lapsed. Your current
version of Xilinx tools will continue to function, but you no longer qualify for
Xilinx software updates or new releases.
WARNING:PhysDesignRules:372 - Gated clock. Clock net clk100 is sourced by a
   combinatorial pin. This is not good design practice. Use the CE pin to
   control the loading of data into the flip-flop.

Section 3 - Informational
-------------------------
INFO:Security:50 - The XILINXD_LICENSE_FILE environment variable is set to
'2100@XilinxLM.bu.edu'.
INFO:Security:53 - The LM_LICENSE_FILE environment variable is not set.
INFO:Security:54 - 'xc7a100t' is a WebPack part.
INFO:LIT:244 - All of the single ended outputs in this design are using slew
   rate limited output drivers. The delay on speed critical single ended outputs
   can be dramatically reduced by designating them as fast outputs.
INFO:Pack:1716 - Initializing temperature to 100.000 Celsius. (default - Range:
   0.000 to 100.000 Celsius)
INFO:Pack:1720 - Initializing voltage to 0.950 Volts. (default - Range: 0.950 to
   1.050 Volts)
INFO:Map:215 - The Interim Design Summary has been generated in the MAP Report
   (.mrp).
INFO:Pack:1650 - Map created a placed design.

Section 4 - Removed Logic Summary
---------------------------------
   1 block(s) removed
  37 block(s) optimized away
  18 signal(s) removed

Section 5 - Removed Logic
-------------------------

The trimmed logic report below shows the logic removed from your design due to
sourceless or loadless signals, and VCC or ground connections.  If the removal
of a signal or symbol results in the subsequent removal of an additional signal
or symbol, the message explaining that second removal will be indented.  This
indentation will be repeated as a chain of related logic is removed.

To quickly locate the original cause for the removal of a chain of logic, look
above the place where that logic is listed in the trimming report, then locate
the lines that are least indented (begin at the leftmost edge).

Loadless block "vga0/vgacolor_port_map/Madd_n0253_Madd9" (ROM) removed.
The signal "vga0/vgacolor_port_map/ram0/wea<0>" is sourceless and has been
removed.
The signal "vga0/vgacolor_port_map/ram0/addra<6>" is sourceless and has been
removed.
The signal "vga0/vgacolor_port_map/ram0/addra<5>" is sourceless and has been
removed.
The signal "vga0/vgacolor_port_map/ram0/addra<4>" is sourceless and has been
removed.
The signal "vga0/vgacolor_port_map/ram0/addra<3>" is sourceless and has been
removed.
The signal "vga0/vgacolor_port_map/ram0/addra<2>" is sourceless and has been
removed.
The signal "vga0/vgacolor_port_map/ram0/addra<1>" is sourceless and has been
removed.
The signal "vga0/vgacolor_port_map/ram0/addra<0>" is sourceless and has been
removed.
The signal "vga0/vgacolor_port_map/ram0/dina<3>" is sourceless and has been
removed.
The signal "vga0/vgacolor_port_map/ram0/dina<2>" is sourceless and has been
removed.
The signal "vga0/vgacolor_port_map/ram0/dina<1>" is sourceless and has been
removed.
The signal "vga0/vgacolor_port_map/ram0/dina<0>" is sourceless and has been
removed.
The signal "vga0/vgacolor_port_map/ram0/clka" is sourceless and has been
removed.

The trimmed logic reported below is either:
   1. part of a cycle
   2. part of disabled logic
   3. a side-effect of other trimmed logic

The signal "vga0/vgacolor_port_map/doutb[3]_bgcolors[11]_wide_mux_6_OUT<0>" is
unused and has been removed.
The signal "vga0/vgacolor_port_map/doutb[3]_bgcolors[11]_wide_mux_6_OUT<1>" is
unused and has been removed.
The signal "vga0/vgacolor_port_map/doutb[3]_bgcolors[11]_wide_mux_6_OUT<2>" is
unused and has been removed.
The signal "vga0/vgacolor_port_map/doutb[3]_bgcolors[11]_wide_mux_6_OUT<3>" is
unused and has been removed.
The signal "vga0/vgacolor_port_map/gobrom_data<0>" is unused and has been
removed.

Optimized Block(s):
TYPE 		BLOCK
GND 		XST_GND
VCC 		XST_VCC
LUT2 		vga0/vgacolor_port_map/Madd_n0253_Madd4
   optimized to 0
LUT6 		vga0/vgacolor_port_map/Mmux_doutb[3]_bgcolors[11]_wide_mux_6_OUT101
   optimized to 0
LUT5 		vga0/vgacolor_port_map/Mmux_doutb[3]_bgcolors[11]_wide_mux_6_OUT102
   optimized to 0
LUT3 		vga0/vgacolor_port_map/Mmux_doutb[3]_bgcolors[11]_wide_mux_6_OUT103
   optimized to 0
LUT5 		vga0/vgacolor_port_map/Mmux_doutb[3]_bgcolors[11]_wide_mux_6_OUT104
   optimized to 0
LUT6 		vga0/vgacolor_port_map/Mmux_doutb[3]_bgcolors[11]_wide_mux_6_OUT121
   optimized to 0
LUT5 		vga0/vgacolor_port_map/Mmux_doutb[3]_bgcolors[11]_wide_mux_6_OUT122
   optimized to 0
LUT3 		vga0/vgacolor_port_map/Mmux_doutb[3]_bgcolors[11]_wide_mux_6_OUT123
   optimized to 0
LUT5 		vga0/vgacolor_port_map/Mmux_doutb[3]_bgcolors[11]_wide_mux_6_OUT124
   optimized to 0
LUT6 		vga0/vgacolor_port_map/Mmux_doutb[3]_bgcolors[11]_wide_mux_6_OUT21
   optimized to 0
LUT5 		vga0/vgacolor_port_map/Mmux_doutb[3]_bgcolors[11]_wide_mux_6_OUT22
   optimized to 0
LUT3 		vga0/vgacolor_port_map/Mmux_doutb[3]_bgcolors[11]_wide_mux_6_OUT23
   optimized to 0
LUT5 		vga0/vgacolor_port_map/Mmux_doutb[3]_bgcolors[11]_wide_mux_6_OUT24
   optimized to 0
LUT6 		vga0/vgacolor_port_map/Mmux_doutb[3]_bgcolors[11]_wide_mux_6_OUT81
   optimized to 0
LUT5 		vga0/vgacolor_port_map/Mmux_doutb[3]_bgcolors[11]_wide_mux_6_OUT82
   optimized to 0
LUT3 		vga0/vgacolor_port_map/Mmux_doutb[3]_bgcolors[11]_wide_mux_6_OUT83
   optimized to 0
LUT5 		vga0/vgacolor_port_map/Mmux_doutb[3]_bgcolors[11]_wide_mux_6_OUT84
   optimized to 0
FDE 		vga0/vgacolor_port_map/bgcolors_0
   optimized to 0
FDE 		vga0/vgacolor_port_map/bgcolors_1
   optimized to 0
FDE 		vga0/vgacolor_port_map/bgcolors_2
   optimized to 0
FDE 		vga0/vgacolor_port_map/bgcolors_3
   optimized to 0
GND 		vga0/vgacolor_port_map/bgrom1/XST_GND1
GND 		vga0/vgacolor_port_map/bgrom2/XST_GND1
VCC 		vga0/vgacolor_port_map/bgrom2/XST_VCC1
GND 		vga0/vgacolor_port_map/bgrom3/XST_GND1
GND 		vga0/vgacolor_port_map/bgrom4/XST_GND1
GND 		vga0/vgacolor_port_map/bgrom5/XST_GND1
GND 		vga0/vgacolor_port_map/bgrom6/XST_GND1
GND 		vga0/vgacolor_port_map/bgrom7/XST_GND1
GND 		vga0/vgacolor_port_map/bgrom8/XST_GND1
GND 		vga0/vgacolor_port_map/bgrom9/XST_GND1
GND 		vga0/vgacolor_port_map/gobrom0/XST_GND1
GND 		vga0/vgacolor_port_map/ram0/XST_GND
VCC 		vga0/vgacolor_port_map/ram0/XST_VCC
FDR 		vga0/vgacolor_port_map/syscolors1_0
   optimized to 0

To enable printing of redundant blocks removed and signals merged, set the
detailed map report option and rerun map.

Section 6 - IOB Properties
--------------------------

+---------------------------------------------------------------------------------------------------------------------------------------------------------+
| IOB Name                           | Type             | Direction | IO Standard          | Diff  | Drive    | Slew | Reg (s)      | Resistor | IOB      |
|                                    |                  |           |                      | Term  | Strength | Rate |              |          | Delay    |
+---------------------------------------------------------------------------------------------------------------------------------------------------------+
| b0                                 | IOB33            | OUTPUT    | LVCMOS33             |       | 12       | SLOW |              |          |          |
| b1                                 | IOB33            | OUTPUT    | LVCMOS33             |       | 12       | SLOW |              |          |          |
| b2                                 | IOB33            | OUTPUT    | LVCMOS33             |       | 12       | SLOW |              |          |          |
| b3                                 | IOB33            | OUTPUT    | LVCMOS33             |       | 12       | SLOW |              |          |          |
| clk100mhz                          | IOB33            | INPUT     | LVCMOS33             |       |          |      |              |          |          |
| g0                                 | IOB33            | OUTPUT    | LVCMOS33             |       | 12       | SLOW |              |          |          |
| g1                                 | IOB33            | OUTPUT    | LVCMOS33             |       | 12       | SLOW |              |          |          |
| g2                                 | IOB33            | OUTPUT    | LVCMOS33             |       | 12       | SLOW |              |          |          |
| g3                                 | IOB33            | OUTPUT    | LVCMOS33             |       | 12       | SLOW |              |          |          |
| ps2_clk                            | IOB33            | INPUT     | LVCMOS33             |       |          |      |              |          |          |
| ps2_data                           | IOB33            | INPUT     | LVCMOS33             |       |          |      |              |          |          |
| r0                                 | IOB33            | OUTPUT    | LVCMOS33             |       | 12       | SLOW |              |          |          |
| r1                                 | IOB33            | OUTPUT    | LVCMOS33             |       | 12       | SLOW |              |          |          |
| r2                                 | IOB33            | OUTPUT    | LVCMOS33             |       | 12       | SLOW |              |          |          |
| r3                                 | IOB33            | OUTPUT    | LVCMOS33             |       | 12       | SLOW |              |          |          |
| rst_key_n                          | IOB33            | INPUT     | LVCMOS33             |       |          |      |              |          |          |
| vga_hs                             | IOB33            | OUTPUT    | LVCMOS33             |       | 12       | SLOW |              |          |          |
| vga_vs                             | IOB33            | OUTPUT    | LVCMOS33             |       | 12       | SLOW |              |          |          |
+---------------------------------------------------------------------------------------------------------------------------------------------------------+

Section 7 - RPMs
----------------

Section 8 - Guide Report
------------------------
Guide not run on this design.

Section 9 - Area Group and Partition Summary
--------------------------------------------

Partition Implementation Status
-------------------------------

  No Partitions were found in this design.

-------------------------------

Area Group Information
----------------------

  No area groups were found in this design.

----------------------

Section 10 - Timing Report
--------------------------
A logic-level (pre-route) timing report can be generated by using Xilinx static
timing analysis tools, Timing Analyzer (GUI) or TRCE (command line), with the
mapped NCD and PCF files. Please note that this timing report will be generated
using estimated delay information. For accurate numbers, please generate a
timing report with the post Place and Route NCD file.

For more information about the Timing Analyzer, consult the Xilinx Timing
Analyzer Reference Manual; for more information about TRCE, consult the Xilinx
Command Line Tools User Guide "TRACE" chapter.

Section 11 - Configuration String Details
-----------------------------------------
Use the "-detail" map option to print out Configuration Strings

Section 12 - Control Set Information
------------------------------------
Use the "-detail" map option to print out Control Set Information.

Section 13 - Utilization by Hierarchy
-------------------------------------
Use the "-detail" map option to print out the Utilization by Hierarchy section.
